<?xml version="1.0" encoding="UTF-8"?>
<!-- Generated by org.testng.reporters.JUnitXMLReporter -->
<testsuite ignored="1" hostname="Goswamy" failures="0" tests="2" name="Test" time="15.164" errors="0" timestamp="2024-03-05T10:27:06 IST">
  <testcase classname="TestNGGroups.Group1" name="googleMaps" time="10.716"/>
  <testcase classname="TestNGGroups.Group1" name="group1" time="4.386"/>
  <testcase classname="TestNGGroups.Group1" name="zomato" time="0.0">
    <ignored/>
  </testcase> <!-- zomato -->
</testsuite> <!-- Test -->
