<?xml version="1.0" encoding="UTF-8"?>
<testng-results ignored="0" total="2" passed="2" failed="0" skipped="0">
  <reporter-output>
  </reporter-output>
  <suite started-at="2024-03-07T23:00:37 IST" name="Default suite" finished-at="2024-03-07T23:01:11 IST" duration-ms="34499">
    <groups>
    </groups>
    <test started-at="2024-03-07T23:00:37 IST" name="Default test" finished-at="2024-03-07T23:01:11 IST" duration-ms="34499">
      <class name="Listeners.Listener_Runner">
        <test-method is-config="true" signature="open_App()[pri:0, instance:Listeners.Listener_Runner@5acf93bb]" started-at="2024-03-07T23:00:37 IST" name="open_App" finished-at="2024-03-07T23:00:48 IST" duration-ms="11001" status="PASS">
          <reporter-output>
          </reporter-output>
        </test-method> <!-- open_App -->
        <test-method signature="fb_login(java.lang.String,java.lang.String)[pri:0, instance:Listeners.Listener_Runner@5acf93bb]" started-at="2024-03-07T23:00:48 IST" name="fb_login" data-provider="LoginCredentialsFB" finished-at="2024-03-07T23:00:54 IST" duration-ms="6491" status="PASS">
          <params>
            <param index="0">
              <value>
                <![CDATA[xyz]]>
              </value>
            </param>
            <param index="1">
              <value>
                <![CDATA[123]]>
              </value>
            </param>
          </params>
          <reporter-output>
          </reporter-output>
        </test-method> <!-- fb_login -->
        <test-method is-config="true" signature="close(org.testng.ITestResult)[pri:0, instance:Listeners.Listener_Runner@5acf93bb]" started-at="2024-03-07T23:00:54 IST" name="close" finished-at="2024-03-07T23:00:54 IST" duration-ms="189" status="PASS">
          <params>
            <param index="0">
              <value>
                <![CDATA[[TestResult name=fb_login status=SUCCESS method=Listener_Runner.fb_login(java.lang.String,java.lang.String)[pri:0, instance:Listeners.Listener_Runner@5acf93bb] output={null}]]]>
              </value>
            </param>
          </params>
          <reporter-output>
          </reporter-output>
        </test-method> <!-- close -->
        <test-method is-config="true" signature="open_App()[pri:0, instance:Listeners.Listener_Runner@5acf93bb]" started-at="2024-03-07T23:00:54 IST" name="open_App" finished-at="2024-03-07T23:01:04 IST" duration-ms="10193" status="PASS">
          <reporter-output>
          </reporter-output>
        </test-method> <!-- open_App -->
        <test-method signature="fb_login(java.lang.String,java.lang.String)[pri:0, instance:Listeners.Listener_Runner@5acf93bb]" started-at="2024-03-07T23:01:04 IST" name="fb_login" data-provider="LoginCredentialsFB" finished-at="2024-03-07T23:01:11 IST" duration-ms="6391" status="PASS">
          <params>
            <param index="0">
              <value>
                <![CDATA[ucd]]>
              </value>
            </param>
            <param index="1">
              <value>
                <![CDATA[7837]]>
              </value>
            </param>
          </params>
          <reporter-output>
          </reporter-output>
        </test-method> <!-- fb_login -->
        <test-method is-config="true" signature="close(org.testng.ITestResult)[pri:0, instance:Listeners.Listener_Runner@5acf93bb]" started-at="2024-03-07T23:01:11 IST" name="close" finished-at="2024-03-07T23:01:11 IST" duration-ms="189" status="PASS">
          <params>
            <param index="0">
              <value>
                <![CDATA[[TestResult name=fb_login status=SUCCESS method=Listener_Runner.fb_login(java.lang.String,java.lang.String)[pri:0, instance:Listeners.Listener_Runner@5acf93bb] output={null}]]]>
              </value>
            </param>
          </params>
          <reporter-output>
          </reporter-output>
        </test-method> <!-- close -->
      </class> <!-- Listeners.Listener_Runner -->
    </test> <!-- Default test -->
  </suite> <!-- Default suite -->
</testng-results>
